kotlin version: 1.9.24
error message: org.jetbrains.kotlin.util.KotlinFrontEndException: Exception while analyzing expression in (36,32) in C:/Users/Mehak/OneDrive/Desktop/android music player/pulse-android/app/src/main/java/com/pulse/music/ui/auth/AuthScreens.kt

Attachments:
causeThrowable
java.lang.IllegalStateException: Could not read file: C:/Users/Mehak/OneDrive/Desktop/android music player/pulse-android/app/build/tmp/kotlin-classes/debug/com/pulse/music/ui/auth/AuthViewModel.class; size in bytes: 0; file type: CLASS
	at org.jetbrains.kotlin.load.kotlin.VirtualFileKotlinClass$Factory.logFileReadingErrorMessage(VirtualFileKotlinClass.kt:77)
	at org.jetbrains.kotlin.load.kotlin.VirtualFileKotlinClass$Factory.access$logFileReadingErrorMessage(VirtualFileKotlinClass.kt:46)
	at org.jetbrains.kotlin.load.kotlin.VirtualFileKotlinClass.getFileContents(VirtualFileKotlinClass.kt:38)
	at org.jetbrains.kotlin.load.kotlin.FileBasedKotlinClass.loadClassAnnotations(FileBasedKotlinClass.java:138)
	at org.jetbrains.kotlin.load.kotlin.AbstractBinaryClassAnnotationLoader.loadClassAnnotations(AbstractBinaryClassAnnotationLoader.kt:61)
	at org.jetbrains.kotlin.serialization.deserialization.descriptors.DeserializedClassDescriptor$annotations$1.invoke(DeserializedClassDescriptor.kt:96)
	at org.jetbrains.kotlin.serialization.deserialization.descriptors.DeserializedClassDescriptor$annotations$1.invoke(DeserializedClassDescriptor.kt:95)
	at org.jetbrains.kotlin.storage.LockBasedStorageManager$LockBasedLazyValue.invoke(LockBasedStorageManager.java:408)
	at org.jetbrains.kotlin.storage.LockBasedStorageManager$LockBasedNotNullLazyValue.invoke(LockBasedStorageManager.java:527)
	at org.jetbrains.kotlin.storage.StorageKt.getValue(storage.kt:42)
	at org.jetbrains.kotlin.serialization.deserialization.descriptors.DeserializedAnnotations.getAnnotations(DeserializedAnnotations.kt:28)
	at org.jetbrains.kotlin.serialization.deserialization.descriptors.DeserializedAnnotations.iterator(DeserializedAnnotations.kt:32)
	at org.jetbrains.kotlin.resolve.checkers.OptInUsageChecker$Companion.loadOptIns(OptInUsageChecker.kt:211)
	at org.jetbrains.kotlin.resolve.checkers.OptInUsageChecker$Companion.loadOptIns$default(OptInUsageChecker.kt:177)
	at org.jetbrains.kotlin.resolve.checkers.OptInUsageChecker$Companion.loadOptIns(OptInUsageChecker.kt:273)
	at org.jetbrains.kotlin.resolve.checkers.OptInUsageChecker$Companion.loadOptIns$default(OptInUsageChecker.kt:258)
	at org.jetbrains.kotlin.resolve.checkers.OptInUsageChecker$Companion.loadOptIns(OptInUsageChecker.kt:220)
	at org.jetbrains.kotlin.resolve.checkers.OptInUsageChecker$Companion.loadOptIns$default(OptInUsageChecker.kt:177)
	at org.jetbrains.kotlin.resolve.checkers.OptInUsageChecker.check(OptInUsageChecker.kt:87)
	at org.jetbrains.kotlin.resolve.calls.tower.KotlinToResolvedCallTransformer.runCallCheckers(KotlinToResolvedCallTransformer.kt:254)
	at org.jetbrains.kotlin.resolve.calls.tower.ResolvedAtomCompleter.completeResolvedCall(ResolvedAtomCompleter.kt:199)
	at org.jetbrains.kotlin.resolve.calls.tower.KotlinToResolvedCallTransformer.transformAndReport(KotlinToResolvedCallTransformer.kt:142)
	at org.jetbrains.kotlin.resolve.calls.tower.PSICallResolver.convertToOverloadResolutionResults(PSICallResolver.kt:257)
	at org.jetbrains.kotlin.resolve.calls.tower.PSICallResolver.runResolutionAndInference(PSICallResolver.kt:127)
	at org.jetbrains.kotlin.resolve.calls.CallResolver.doResolveCallOrGetCachedResults(CallResolver.java:602)
	at org.jetbrains.kotlin.resolve.calls.CallResolver.lambda$computeTasksAndResolveCall$0(CallResolver.java:213)
	at org.jetbrains.kotlin.util.PerformanceCounter.time(PerformanceCounter.kt:90)
	at org.jetbrains.kotlin.resolve.calls.CallResolver.computeTasksAndResolveCall(CallResolver.java:211)
	at org.jetbrains.kotlin.resolve.calls.CallResolver.computeTasksAndResolveCall(CallResolver.java:199)
	at org.jetbrains.kotlin.resolve.calls.CallResolver.resolveFunctionCall(CallResolver.java:329)
	at org.jetbrains.kotlin.resolve.calls.CallExpressionResolver.getResolvedCallForFunction(CallExpressionResolver.kt:86)
	at org.jetbrains.kotlin.resolve.calls.CallExpressionResolver.getCallExpressionTypeInfoWithoutFinalTypeCheck(CallExpressionResolver.kt:208)
	at org.jetbrains.kotlin.resolve.calls.CallExpressionResolver.getCallExpressionTypeInfo(CallExpressionResolver.kt:185)
	at org.jetbrains.kotlin.types.expressions.BasicExpressionTypingVisitor.visitCallExpression(BasicExpressionTypingVisitor.java:731)
	at org.jetbrains.kotlin.types.expressions.ExpressionTypingVisitorDispatcher.visitCallExpression(ExpressionTypingVisitorDispatcher.java:396)
	at org.jetbrains.kotlin.types.expressions.ExpressionTypingVisitorDispatcher$ForDeclarations.visitCallExpression(ExpressionTypingVisitorDispatcher.java:47)
	at org.jetbrains.kotlin.psi.KtCallExpression.accept(KtCallExpression.java:35)
	at org.jetbrains.kotlin.types.expressions.ExpressionTypingVisitorDispatcher.lambda$getTypeInfo$0(ExpressionTypingVisitorDispatcher.java:176)
	at org.jetbrains.kotlin.util.PerformanceCounter.time(PerformanceCounter.kt:90)
	at org.jetbrains.kotlin.types.expressions.ExpressionTypingVisitorDispatcher.getTypeInfo(ExpressionTypingVisitorDispatcher.java:165)
	at org.jetbrains.kotlin.types.expressions.ExpressionTypingVisitorDispatcher.getTypeInfo(ExpressionTypingVisitorDispatcher.java:135)
	at org.jetbrains.kotlin.types.expressions.ExpressionTypingServices.getTypeInfo(ExpressionTypingServices.java:126)
	at org.jetbrains.kotlin.types.expressions.ValueParameterResolver.resolveDefaultValue(ValueParameterResolver.kt:74)
	at org.jetbrains.kotlin.types.expressions.ValueParameterResolver.resolveValueParameters(ValueParameterResolver.kt:62)
	at org.jetbrains.kotlin.resolve.BodyResolver.resolveFunctionBody(BodyResolver.java:1021)
	at org.jetbrains.kotlin.resolve.BodyResolver.resolveFunctionBody(BodyResolver.java:997)
	at org.jetbrains.kotlin.resolve.BodyResolver.resolveFunctionBodies(BodyResolver.java:982)
	at org.jetbrains.kotlin.resolve.BodyResolver.resolveBehaviorDeclarationBodies(BodyResolver.java:129)
	at org.jetbrains.kotlin.resolve.BodyResolver.resolveBodies(BodyResolver.java:256)
	at org.jetbrains.kotlin.resolve.LazyTopDownAnalyzer.analyzeDeclarations(LazyTopDownAnalyzer.kt:227)
	at org.jetbrains.kotlin.resolve.LazyTopDownAnalyzer.analyzeDeclarations$default(LazyTopDownAnalyzer.kt:58)
	at org.jetbrains.kotlin.cli.jvm.compiler.TopDownAnalyzerFacadeForJVM.analyzeFilesWithJavaIntegration(TopDownAnalyzerFacadeForJVM.kt:119)
	at org.jetbrains.kotlin.cli.jvm.compiler.TopDownAnalyzerFacadeForJVM.analyzeFilesWithJavaIntegration$default(TopDownAnalyzerFacadeForJVM.kt:77)
	at org.jetbrains.kotlin.cli.jvm.compiler.KotlinToJVMBytecodeCompiler$analyze$1.invoke(KotlinToJVMBytecodeCompiler.kt:256)
	at org.jetbrains.kotlin.cli.jvm.compiler.KotlinToJVMBytecodeCompiler$analyze$1.invoke(KotlinToJVMBytecodeCompiler.kt:247)
	at org.jetbrains.kotlin.cli.common.messages.AnalyzerWithCompilerReport.analyzeAndReport(AnalyzerWithCompilerReport.kt:115)
	at org.jetbrains.kotlin.cli.jvm.compiler.KotlinToJVMBytecodeCompiler.analyze(KotlinToJVMBytecodeCompiler.kt:247)
	at org.jetbrains.kotlin.cli.jvm.compiler.KotlinToJVMBytecodeCompiler.compileModules$cli(KotlinToJVMBytecodeCompiler.kt:87)
	at org.jetbrains.kotlin.cli.jvm.compiler.KotlinToJVMBytecodeCompiler.compileModules$cli$default(KotlinToJVMBytecodeCompiler.kt:43)
	at org.jetbrains.kotlin.cli.jvm.K2JVMCompiler.doExecute(K2JVMCompiler.kt:165)
	at org.jetbrains.kotlin.cli.jvm.K2JVMCompiler.doExecute(K2JVMCompiler.kt:50)
	at org.jetbrains.kotlin.cli.common.CLICompiler.execImpl(CLICompiler.kt:104)
	at org.jetbrains.kotlin.cli.common.CLICompiler.execImpl(CLICompiler.kt:48)
	at org.jetbrains.kotlin.cli.common.CLITool.exec(CLITool.kt:101)
	at org.jetbrains.kotlin.incremental.IncrementalJvmCompilerRunner.runCompiler(IncrementalJvmCompilerRunner.kt:463)
	at org.jetbrains.kotlin.incremental.IncrementalJvmCompilerRunner.runCompiler(IncrementalJvmCompilerRunner.kt:62)
	at org.jetbrains.kotlin.incremental.IncrementalCompilerRunner.doCompile(IncrementalCompilerRunner.kt:477)
	at org.jetbrains.kotlin.incremental.IncrementalCompilerRunner.compileImpl(IncrementalCompilerRunner.kt:400)
	at org.jetbrains.kotlin.incremental.IncrementalCompilerRunner.tryCompileIncrementally$lambda$6$compile(IncrementalCompilerRunner.kt:231)
	at org.jetbrains.kotlin.incremental.IncrementalCompilerRunner.tryCompileIncrementally(IncrementalCompilerRunner.kt:247)
	at org.jetbrains.kotlin.incremental.IncrementalCompilerRunner.compile(IncrementalCompilerRunner.kt:116)
	at org.jetbrains.kotlin.daemon.CompileServiceImplBase.execIncrementalCompiler(CompileServiceImpl.kt:657)
	at org.jetbrains.kotlin.daemon.CompileServiceImplBase.access$execIncrementalCompiler(CompileServiceImpl.kt:105)
	at org.jetbrains.kotlin.daemon.CompileServiceImpl.compile(CompileServiceImpl.kt:1624)
	at java.base/jdk.internal.reflect.DirectMethodHandleAccessor.invoke(DirectMethodHandleAccessor.java:103)
	at java.base/java.lang.reflect.Method.invoke(Method.java:580)
	at java.rmi/sun.rmi.server.UnicastServerRef.dispatch(UnicastServerRef.java:360)
	at java.rmi/sun.rmi.transport.Transport$1.run(Transport.java:200)
	at java.rmi/sun.rmi.transport.Transport$1.run(Transport.java:197)
	at java.base/java.security.AccessController.doPrivileged(AccessController.java:714)
	at java.rmi/sun.rmi.transport.Transport.serviceCall(Transport.java:196)
	at java.rmi/sun.rmi.transport.tcp.TCPTransport.handleMessages(TCPTransport.java:598)
	at java.rmi/sun.rmi.transport.tcp.TCPTransport$ConnectionHandler.run0(TCPTransport.java:844)
	at java.rmi/sun.rmi.transport.tcp.TCPTransport$ConnectionHandler.lambda$run$0(TCPTransport.java:721)
	at java.base/java.security.AccessController.doPrivileged(AccessController.java:400)
	at java.rmi/sun.rmi.transport.tcp.TCPTransport$ConnectionHandler.run(TCPTransport.java:720)
	at java.base/java.util.concurrent.ThreadPoolExecutor.runWorker(ThreadPoolExecutor.java:1144)
	at java.base/java.util.concurrent.ThreadPoolExecutor$Worker.run(ThreadPoolExecutor.java:642)
	at java.base/java.lang.Thread.run(Thread.java:1583)
Caused by: java.io.FileNotFoundException: C:\Users\Mehak\OneDrive\Desktop\android music player\pulse-android\app\build\tmp\kotlin-classes\debug\com\pulse\music\ui\auth\AuthViewModel.class (The system cannot find the path specified)
	at java.base/java.io.FileInputStream.open0(Native Method)
	at java.base/java.io.FileInputStream.open(FileInputStream.java:213)
	at java.base/java.io.FileInputStream.<init>(FileInputStream.java:152)
	at org.jetbrains.kotlin.com.intellij.openapi.util.io.FileUtil.loadFileBytes(FileUtil.java:204)
	at org.jetbrains.kotlin.com.intellij.openapi.vfs.local.CoreLocalVirtualFile.contentsToByteArray(CoreLocalVirtualFile.java:98)
	at org.jetbrains.kotlin.load.kotlin.VirtualFileKotlinClass.getFileContents(VirtualFileKotlinClass.kt:36)
	... 86 more

----
expression.kt
<File name: AuthScreens.kt, Physical: true>
@OptIn(ExperimentalMaterial3Api::class)
@Composable
fun LoginScreen(
    onNavigateToHome: () -> Unit,
    onNavigateToRegister: () -> Unit,
    onNavigateToForgotPassword: () -> Unit = {},
    viewModel: AuthViewModel = <ELEMENT>hiltViewModel()</ELEMENT>
) {
    var email by remember { mutableStateOf("") }
    var password by remember { mutableStateOf("") }
    val token by viewModel.token.collectAsState()
    val context = LocalContext.current
    val coroutineScope = rememberCoroutineScope()

    LaunchedEffect(token) {
        if (!token.isNullOrEmpty()) {
            onNavigateToHome()
        }
    }

    Box(
        modifier = Modifier
            .fillMaxSize()
            .background(MaterialTheme.colorScheme.background),
        contentAlignment = Alignment.Center
    ) {
        Card(
            modifier = Modifier
                .fillMaxWidth()
                .padding(32.dp),
            colors = CardDefaults.cardColors(containerColor = MaterialTheme.colorScheme.surfaceVariant),
            shape = RoundedCornerShape(24.dp)
        ) {
            Column(
                modifier = Modifier.padding(24.dp),
                horizontalAlignment = Alignment.CenterHorizontally
            ) {
                Text(
                    text = "Welcome Back",
                    style = MaterialTheme.typography.headlineMedium,
                    color = MaterialTheme.colorScheme.onSurface,
                    modifier = Modifier.padding(bottom = 24.dp)
                )

                OutlinedTextField(
                    value = email,
                    onValueChange = { email = it },
                    label = { Text("Email") },
                    leadingIcon = { Icon(Icons.Default.Email, contentDescription = null) },
                    modifier = Modifier.fillMaxWidth().padding(bottom = 16.dp),
                    singleLine = true,
                    shape = RoundedCornerShape(12.dp)
                )

                OutlinedTextField(
                    value = password,
                    onValueChange = { password = it },
                    label = { Text("Password") },
                    leadingIcon = { Icon(Icons.Default.Lock, contentDescription = null) },
                    visualTransformation = PasswordVisualTransformation(),
                    modifier = Modifier.fillMaxWidth().padding(bottom = 24.dp),
                    singleLine = true,
                    shape = RoundedCornerShape(12.dp)
                )

                Button(
                    onClick = { 
                        viewModel.login(email, password, onNavigateToHome, onError = {
                            Toast.makeText(context, "incorrect password", Toast.LENGTH_SHORT).show()
                        }) 
                    },
                    modifier = Modifier.fillMaxWidth().height(50.dp),
                    shape = RoundedCornerShape(12.dp)
                ) {
                    Text("Login")
                }

                Spacer(modifier = Modifier.height(16.dp))
                HorizontalDivider(modifier = Modifier.padding(horizontal = 16.dp))
                Spacer(modifier = Modifier.height(16.dp))

                OutlinedButton(
                    onClick = {
                        coroutineScope.launch {
                            try {
                                val googleIdOption = GetGoogleIdOption.Builder()
                                    .setFilterByAuthorizedAccounts(false)
                                    .setServerClientId(context.getString(R.string.default_web_client_id))
                                    .setAutoSelectEnabled(false)
                                    .build()

                                val request = GetCredentialRequest.Builder()
                                    .addCredentialOption(googleIdOption)
                                    .build()

                                val credentialManager = CredentialManager.create(context)
                                val result = credentialManager.getCredential(context, request)
                                
                                val credential = result.credential
                                if (credential is com.google.android.libraries.identity.googleid.GoogleIdTokenCredential) {
                                    val idToken = credential.idToken
                                    viewModel.socialLogin("google", idToken, onNavigateToHome, { error ->
                                        Toast.makeText(context, error, Toast.LENGTH_SHORT).show()
                                    })
                                } else if (credential is androidx.credentials.CustomCredential && credential.type == com.google.android.libraries.identity.googleid.GoogleIdTokenCredential.TYPE_GOOGLE_ID_TOKEN_CREDENTIAL) {
                                    val googleIdTokenCredential = com.google.android.libraries.identity.googleid.GoogleIdTokenCredential.createFrom(credential.data)
                                    val idToken = googleIdTokenCredential.idToken
                                    viewModel.socialLogin("google", idToken, onNavigateToHome, { error ->
                                        Toast.makeText(context, error, Toast.LENGTH_SHORT).show()
                                    })
                                } else {
                                    Toast.makeText(context, "Unexpected type of credential", Toast.LENGTH_SHORT).show()
                                }
                            } catch (e: Exception) {
                                e.printStackTrace()
                                Toast.makeText(context, "Google Sign-In failed: ${e.message}", Toast.LENGTH_SHORT).show()
                            }
                        }
                    },
                    modifier = Modifier.fillMaxWidth().height(50.dp),
                    shape = RoundedCornerShape(12.dp)
                ) {
                    Text("Continue with Google")
                }
                
                Spacer(modifier = Modifier.height(12.dp))

                val callbackManager = remember { com.facebook.CallbackManager.Factory.create() }
                DisposableEffect(Unit) {
                    com.facebook.login.LoginManager.getInstance().registerCallback(
                        callbackManager,
                        object : com.facebook.FacebookCallback<com.facebook.login.LoginResult> {
                            override fun onSuccess(result: com.facebook.login.LoginResult) {
                                viewModel.socialLogin("facebook", result.accessToken.token, onNavigateToHome, { err -> 
                                    Toast.makeText(context, err, Toast.LENGTH_SHORT).show()
                                })
                            }
                            override fun onCancel() {}
                            override fun onError(error: com.facebook.FacebookException) {
                                Toast.makeText(context, "Facebook error: ${error.message}", Toast.LENGTH_SHORT).show()
                            }
                        }
                    )
                    onDispose {
                        com.facebook.login.LoginManager.getInstance().unregisterCallback(callbackManager)
                    }
                }
                
                val facebookLauncher = androidx.activity.compose.rememberLauncherForActivityResult(
                    contract = com.facebook.login.LoginManager.getInstance().createLogInActivityResultContract(callbackManager, null)
                ) { }

                Button(
                    onClick = {
                        facebookLauncher.launch(listOf("email", "public_profile"))
                    },
                    modifier = Modifier.fillMaxWidth().height(50.dp),
                    shape = RoundedCornerShape(12.dp),
                    colors = ButtonDefaults.buttonColors(containerColor = Color(0xFF1877F2))
                ) {
                    Text("Continue with Facebook", color = MaterialTheme.colorScheme.onBackground)
                }

                TextButton(
                    onClick = onNavigateToRegister,
                    modifier = Modifier.padding(top = 16.dp)
                ) {
                    Text("Don't have an account? Sign up")
                }

                TextButton(
                    onClick = onNavigateToForgotPassword,
                    modifier = Modifier.padding(top = 8.dp)
                ) {
                    Text("Forgot Password?")
                }
            }
        }
    }
}
	at org.jetbrains.kotlin.types.expressions.ExpressionTypingVisitorDispatcher.logOrThrowException(ExpressionTypingVisitorDispatcher.java:261)
	at org.jetbrains.kotlin.types.expressions.ExpressionTypingVisitorDispatcher.lambda$getTypeInfo$0(ExpressionTypingVisitorDispatcher.java:225)
	at org.jetbrains.kotlin.util.PerformanceCounter.time(PerformanceCounter.kt:90)
	at org.jetbrains.kotlin.types.expressions.ExpressionTypingVisitorDispatcher.getTypeInfo(ExpressionTypingVisitorDispatcher.java:165)
	at org.jetbrains.kotlin.types.expressions.ExpressionTypingVisitorDispatcher.getTypeInfo(ExpressionTypingVisitorDispatcher.java:135)
	at org.jetbrains.kotlin.types.expressions.ExpressionTypingServices.getTypeInfo(ExpressionTypingServices.java:126)
	at org.jetbrains.kotlin.types.expressions.ValueParameterResolver.resolveDefaultValue(ValueParameterResolver.kt:74)
	at org.jetbrains.kotlin.types.expressions.ValueParameterResolver.resolveValueParameters(ValueParameterResolver.kt:62)
	at org.jetbrains.kotlin.resolve.BodyResolver.resolveFunctionBody(BodyResolver.java:1021)
	at org.jetbrains.kotlin.resolve.BodyResolver.resolveFunctionBody(BodyResolver.java:997)
	at org.jetbrains.kotlin.resolve.BodyResolver.resolveFunctionBodies(BodyResolver.java:982)
	at org.jetbrains.kotlin.resolve.BodyResolver.resolveBehaviorDeclarationBodies(BodyResolver.java:129)
	at org.jetbrains.kotlin.resolve.BodyResolver.resolveBodies(BodyResolver.java:256)
	at org.jetbrains.kotlin.resolve.LazyTopDownAnalyzer.analyzeDeclarations(LazyTopDownAnalyzer.kt:227)
	at org.jetbrains.kotlin.resolve.LazyTopDownAnalyzer.analyzeDeclarations$default(LazyTopDownAnalyzer.kt:58)
	at org.jetbrains.kotlin.cli.jvm.compiler.TopDownAnalyzerFacadeForJVM.analyzeFilesWithJavaIntegration(TopDownAnalyzerFacadeForJVM.kt:119)
	at org.jetbrains.kotlin.cli.jvm.compiler.TopDownAnalyzerFacadeForJVM.analyzeFilesWithJavaIntegration$default(TopDownAnalyzerFacadeForJVM.kt:77)
	at org.jetbrains.kotlin.cli.jvm.compiler.KotlinToJVMBytecodeCompiler$analyze$1.invoke(KotlinToJVMBytecodeCompiler.kt:256)
	at org.jetbrains.kotlin.cli.jvm.compiler.KotlinToJVMBytecodeCompiler$analyze$1.invoke(KotlinToJVMBytecodeCompiler.kt:247)
	at org.jetbrains.kotlin.cli.common.messages.AnalyzerWithCompilerReport.analyzeAndReport(AnalyzerWithCompilerReport.kt:115)
	at org.jetbrains.kotlin.cli.jvm.compiler.KotlinToJVMBytecodeCompiler.analyze(KotlinToJVMBytecodeCompiler.kt:247)
	at org.jetbrains.kotlin.cli.jvm.compiler.KotlinToJVMBytecodeCompiler.compileModules$cli(KotlinToJVMBytecodeCompiler.kt:87)
	at org.jetbrains.kotlin.cli.jvm.compiler.KotlinToJVMBytecodeCompiler.compileModules$cli$default(KotlinToJVMBytecodeCompiler.kt:43)
	at org.jetbrains.kotlin.cli.jvm.K2JVMCompiler.doExecute(K2JVMCompiler.kt:165)
	at org.jetbrains.kotlin.cli.jvm.K2JVMCompiler.doExecute(K2JVMCompiler.kt:50)
	at org.jetbrains.kotlin.cli.common.CLICompiler.execImpl(CLICompiler.kt:104)
	at org.jetbrains.kotlin.cli.common.CLICompiler.execImpl(CLICompiler.kt:48)
	at org.jetbrains.kotlin.cli.common.CLITool.exec(CLITool.kt:101)
	at org.jetbrains.kotlin.incremental.IncrementalJvmCompilerRunner.runCompiler(IncrementalJvmCompilerRunner.kt:463)
	at org.jetbrains.kotlin.incremental.IncrementalJvmCompilerRunner.runCompiler(IncrementalJvmCompilerRunner.kt:62)
	at org.jetbrains.kotlin.incremental.IncrementalCompilerRunner.doCompile(IncrementalCompilerRunner.kt:477)
	at org.jetbrains.kotlin.incremental.IncrementalCompilerRunner.compileImpl(IncrementalCompilerRunner.kt:400)
	at org.jetbrains.kotlin.incremental.IncrementalCompilerRunner.tryCompileIncrementally$lambda$6$compile(IncrementalCompilerRunner.kt:231)
	at org.jetbrains.kotlin.incremental.IncrementalCompilerRunner.tryCompileIncrementally(IncrementalCompilerRunner.kt:247)
	at org.jetbrains.kotlin.incremental.IncrementalCompilerRunner.compile(IncrementalCompilerRunner.kt:116)
	at org.jetbrains.kotlin.daemon.CompileServiceImplBase.execIncrementalCompiler(CompileServiceImpl.kt:657)
	at org.jetbrains.kotlin.daemon.CompileServiceImplBase.access$execIncrementalCompiler(CompileServiceImpl.kt:105)
	at org.jetbrains.kotlin.daemon.CompileServiceImpl.compile(CompileServiceImpl.kt:1624)
	at java.base/jdk.internal.reflect.DirectMethodHandleAccessor.invoke(DirectMethodHandleAccessor.java:103)
	at java.base/java.lang.reflect.Method.invoke(Method.java:580)
	at java.rmi/sun.rmi.server.UnicastServerRef.dispatch(UnicastServerRef.java:360)
	at java.rmi/sun.rmi.transport.Transport$1.run(Transport.java:200)
	at java.rmi/sun.rmi.transport.Transport$1.run(Transport.java:197)
	at java.base/java.security.AccessController.doPrivileged(AccessController.java:714)
	at java.rmi/sun.rmi.transport.Transport.serviceCall(Transport.java:196)
	at java.rmi/sun.rmi.transport.tcp.TCPTransport.handleMessages(TCPTransport.java:598)
	at java.rmi/sun.rmi.transport.tcp.TCPTransport$ConnectionHandler.run0(TCPTransport.java:844)
	at java.rmi/sun.rmi.transport.tcp.TCPTransport$ConnectionHandler.lambda$run$0(TCPTransport.java:721)
	at java.base/java.security.AccessController.doPrivileged(AccessController.java:400)
	at java.rmi/sun.rmi.transport.tcp.TCPTransport$ConnectionHandler.run(TCPTransport.java:720)
	at java.base/java.util.concurrent.ThreadPoolExecutor.runWorker(ThreadPoolExecutor.java:1144)
	at java.base/java.util.concurrent.ThreadPoolExecutor$Worker.run(ThreadPoolExecutor.java:642)
	at java.base/java.lang.Thread.run(Thread.java:1583)
Caused by: java.lang.IllegalStateException: Could not read file: C:/Users/Mehak/OneDrive/Desktop/android music player/pulse-android/app/build/tmp/kotlin-classes/debug/com/pulse/music/ui/auth/AuthViewModel.class; size in bytes: 0; file type: CLASS
	at org.jetbrains.kotlin.load.kotlin.VirtualFileKotlinClass$Factory.logFileReadingErrorMessage(VirtualFileKotlinClass.kt:77)
	at org.jetbrains.kotlin.load.kotlin.VirtualFileKotlinClass$Factory.access$logFileReadingErrorMessage(VirtualFileKotlinClass.kt:46)
	at org.jetbrains.kotlin.load.kotlin.VirtualFileKotlinClass.getFileContents(VirtualFileKotlinClass.kt:38)
	at org.jetbrains.kotlin.load.kotlin.FileBasedKotlinClass.loadClassAnnotations(FileBasedKotlinClass.java:138)
	at org.jetbrains.kotlin.load.kotlin.AbstractBinaryClassAnnotationLoader.loadClassAnnotations(AbstractBinaryClassAnnotationLoader.kt:61)
	at org.jetbrains.kotlin.serialization.deserialization.descriptors.DeserializedClassDescriptor$annotations$1.invoke(DeserializedClassDescriptor.kt:96)
	at org.jetbrains.kotlin.serialization.deserialization.descriptors.DeserializedClassDescriptor$annotations$1.invoke(DeserializedClassDescriptor.kt:95)
	at org.jetbrains.kotlin.storage.LockBasedStorageManager$LockBasedLazyValue.invoke(LockBasedStorageManager.java:408)
	at org.jetbrains.kotlin.storage.LockBasedStorageManager$LockBasedNotNullLazyValue.invoke(LockBasedStorageManager.java:527)
	at org.jetbrains.kotlin.storage.StorageKt.getValue(storage.kt:42)
	at org.jetbrains.kotlin.serialization.deserialization.descriptors.DeserializedAnnotations.getAnnotations(DeserializedAnnotations.kt:28)
	at org.jetbrains.kotlin.serialization.deserialization.descriptors.DeserializedAnnotations.iterator(DeserializedAnnotations.kt:32)
	at org.jetbrains.kotlin.resolve.checkers.OptInUsageChecker$Companion.loadOptIns(OptInUsageChecker.kt:211)
	at org.jetbrains.kotlin.resolve.checkers.OptInUsageChecker$Companion.loadOptIns$default(OptInUsageChecker.kt:177)
	at org.jetbrains.kotlin.resolve.checkers.OptInUsageChecker$Companion.loadOptIns(OptInUsageChecker.kt:273)
	at org.jetbrains.kotlin.resolve.checkers.OptInUsageChecker$Companion.loadOptIns$default(OptInUsageChecker.kt:258)
	at org.jetbrains.kotlin.resolve.checkers.OptInUsageChecker$Companion.loadOptIns(OptInUsageChecker.kt:220)
	at org.jetbrains.kotlin.resolve.checkers.OptInUsageChecker$Companion.loadOptIns$default(OptInUsageChecker.kt:177)
	at org.jetbrains.kotlin.resolve.checkers.OptInUsageChecker.check(OptInUsageChecker.kt:87)
	at org.jetbrains.kotlin.resolve.calls.tower.KotlinToResolvedCallTransformer.runCallCheckers(KotlinToResolvedCallTransformer.kt:254)
	at org.jetbrains.kotlin.resolve.calls.tower.ResolvedAtomCompleter.completeResolvedCall(ResolvedAtomCompleter.kt:199)
	at org.jetbrains.kotlin.resolve.calls.tower.KotlinToResolvedCallTransformer.transformAndReport(KotlinToResolvedCallTransformer.kt:142)
	at org.jetbrains.kotlin.resolve.calls.tower.PSICallResolver.convertToOverloadResolutionResults(PSICallResolver.kt:257)
	at org.jetbrains.kotlin.resolve.calls.tower.PSICallResolver.runResolutionAndInference(PSICallResolver.kt:127)
	at org.jetbrains.kotlin.resolve.calls.CallResolver.doResolveCallOrGetCachedResults(CallResolver.java:602)
	at org.jetbrains.kotlin.resolve.calls.CallResolver.lambda$computeTasksAndResolveCall$0(CallResolver.java:213)
	at org.jetbrains.kotlin.util.PerformanceCounter.time(PerformanceCounter.kt:90)
	at org.jetbrains.kotlin.resolve.calls.CallResolver.computeTasksAndResolveCall(CallResolver.java:211)
	at org.jetbrains.kotlin.resolve.calls.CallResolver.computeTasksAndResolveCall(CallResolver.java:199)
	at org.jetbrains.kotlin.resolve.calls.CallResolver.resolveFunctionCall(CallResolver.java:329)
	at org.jetbrains.kotlin.resolve.calls.CallExpressionResolver.getResolvedCallForFunction(CallExpressionResolver.kt:86)
	at org.jetbrains.kotlin.resolve.calls.CallExpressionResolver.getCallExpressionTypeInfoWithoutFinalTypeCheck(CallExpressionResolver.kt:208)
	at org.jetbrains.kotlin.resolve.calls.CallExpressionResolver.getCallExpressionTypeInfo(CallExpressionResolver.kt:185)
	at org.jetbrains.kotlin.types.expressions.BasicExpressionTypingVisitor.visitCallExpression(BasicExpressionTypingVisitor.java:731)
	at org.jetbrains.kotlin.types.expressions.ExpressionTypingVisitorDispatcher.visitCallExpression(ExpressionTypingVisitorDispatcher.java:396)
	at org.jetbrains.kotlin.types.expressions.ExpressionTypingVisitorDispatcher$ForDeclarations.visitCallExpression(ExpressionTypingVisitorDispatcher.java:47)
	at org.jetbrains.kotlin.psi.KtCallExpression.accept(KtCallExpression.java:35)
	at org.jetbrains.kotlin.types.expressions.ExpressionTypingVisitorDispatcher.lambda$getTypeInfo$0(ExpressionTypingVisitorDispatcher.java:176)
	... 51 more
Caused by: java.io.FileNotFoundException: C:\Users\Mehak\OneDrive\Desktop\android music player\pulse-android\app\build\tmp\kotlin-classes\debug\com\pulse\music\ui\auth\AuthViewModel.class (The system cannot find the path specified)
	at java.base/java.io.FileInputStream.open0(Native Method)
	at java.base/java.io.FileInputStream.open(FileInputStream.java:213)
	at java.base/java.io.FileInputStream.<init>(FileInputStream.java:152)
	at org.jetbrains.kotlin.com.intellij.openapi.util.io.FileUtil.loadFileBytes(FileUtil.java:204)
	at org.jetbrains.kotlin.com.intellij.openapi.vfs.local.CoreLocalVirtualFile.contentsToByteArray(CoreLocalVirtualFile.java:98)
	at org.jetbrains.kotlin.load.kotlin.VirtualFileKotlinClass.getFileContents(VirtualFileKotlinClass.kt:36)
	... 86 more


