kotlin version: 1.9.24
error message: java.io.EOFException
	at java.base/java.io.DataInputStream.readFully(DataInputStream.java:210)
	at org.jetbrains.kotlin.incremental.storage.ProtoMapValueExternalizer.read(externalizers.kt:148)
	at org.jetbrains.kotlin.incremental.storage.ProtoMapValueExternalizer.read(externalizers.kt:132)
	at org.jetbrains.kotlin.com.intellij.util.io.PersistentMapImpl.doGet(PersistentMapImpl.java:608)
	at org.jetbrains.kotlin.com.intellij.util.io.PersistentMapImpl.get(PersistentMapImpl.java:545)
	at org.jetbrains.kotlin.com.intellij.util.io.PersistentHashMap.get(PersistentHashMap.java:178)
	at org.jetbrains.kotlin.incremental.storage.CachingLazyStorage.get(CachingLazyStorage.kt:74)
	at org.jetbrains.kotlin.incremental.IncrementalJvmCache$ProtoMap.get(IncrementalJvmCache.kt:412)
	at org.jetbrains.kotlin.incremental.IncrementalJvmCache.getModuleMappingData(IncrementalJvmCache.kt:355)
	at org.jetbrains.kotlin.load.kotlin.incremental.IncrementalPackagePartProvider$moduleMappings$2.invoke(IncrementalPackagePartProvider.kt:43)
	at org.jetbrains.kotlin.load.kotlin.incremental.IncrementalPackagePartProvider$moduleMappings$2.invoke(IncrementalPackagePartProvider.kt:41)
	at kotlin.SynchronizedLazyImpl.getValue(LazyJVM.kt:74)
	at org.jetbrains.kotlin.load.kotlin.incremental.IncrementalPackagePartProvider.getModuleMappings(IncrementalPackagePartProvider.kt:41)
	at org.jetbrains.kotlin.load.kotlin.incremental.IncrementalPackagePartProvider.getAllOptionalAnnotationClasses(IncrementalPackagePartProvider.kt:69)
	at org.jetbrains.kotlin.resolve.jvm.multiplatform.OptionalAnnotationPackageFragmentProvider$packages$2.invoke(OptionalAnnotationPackageFragmentProvider.kt:41)
	at org.jetbrains.kotlin.resolve.jvm.multiplatform.OptionalAnnotationPackageFragmentProvider$packages$2.invoke(OptionalAnnotationPackageFragmentProvider.kt:38)
	at org.jetbrains.kotlin.storage.LockBasedStorageManager$LockBasedLazyValue.invoke(LockBasedStorageManager.java:408)
	at org.jetbrains.kotlin.storage.LockBasedStorageManager$LockBasedNotNullLazyValue.invoke(LockBasedStorageManager.java:527)
	at org.jetbrains.kotlin.storage.StorageKt.getValue(storage.kt:42)
	at org.jetbrains.kotlin.resolve.jvm.multiplatform.OptionalAnnotationPackageFragmentProvider.getPackages(OptionalAnnotationPackageFragmentProvider.kt:38)
	at org.jetbrains.kotlin.resolve.jvm.multiplatform.OptionalAnnotationPackageFragmentProvider.isEmpty(OptionalAnnotationPackageFragmentProvider.kt:89)
	at org.jetbrains.kotlin.descriptors.PackageFragmentProviderKt.isEmpty(PackageFragmentProvider.kt:49)
	at org.jetbrains.kotlin.descriptors.impl.CompositePackageFragmentProvider.isEmpty(CompositePackageFragmentProvider.kt:51)
	at org.jetbrains.kotlin.descriptors.PackageFragmentProviderKt.isEmpty(PackageFragmentProvider.kt:49)
	at org.jetbrains.kotlin.descriptors.impl.CompositePackageFragmentProvider.isEmpty(CompositePackageFragmentProvider.kt:51)
	at org.jetbrains.kotlin.descriptors.PackageFragmentProviderKt.isEmpty(PackageFragmentProvider.kt:49)
	at org.jetbrains.kotlin.descriptors.impl.LazyPackageViewDescriptorImpl$empty$2.invoke(LazyPackageViewDescriptorImpl.kt:39)
	at org.jetbrains.kotlin.descriptors.impl.LazyPackageViewDescriptorImpl$empty$2.invoke(LazyPackageViewDescriptorImpl.kt:38)
	at org.jetbrains.kotlin.storage.LockBasedStorageManager$LockBasedLazyValue.invoke(LockBasedStorageManager.java:408)
	at org.jetbrains.kotlin.storage.LockBasedStorageManager$LockBasedNotNullLazyValue.invoke(LockBasedStorageManager.java:527)
	at org.jetbrains.kotlin.storage.StorageKt.getValue(storage.kt:42)
	at org.jetbrains.kotlin.descriptors.impl.LazyPackageViewDescriptorImpl.getEmpty(LazyPackageViewDescriptorImpl.kt:38)
	at org.jetbrains.kotlin.descriptors.impl.LazyPackageViewDescriptorImpl.isEmpty(LazyPackageViewDescriptorImpl.kt:42)
	at org.jetbrains.kotlin.resolve.QualifiedExpressionResolver.quickResolveToPackage(QualifiedExpressionResolver.kt:707)
	at org.jetbrains.kotlin.resolve.QualifiedExpressionResolver.resolveToPackageOrClassPrefix(QualifiedExpressionResolver.kt:527)
	at org.jetbrains.kotlin.resolve.QualifiedExpressionResolver.resolveToPackageOrClassPrefix$default(QualifiedExpressionResolver.kt:481)
	at org.jetbrains.kotlin.resolve.QualifiedExpressionResolver.resolveToPackageOrClass(QualifiedExpressionResolver.kt:469)
	at org.jetbrains.kotlin.resolve.QualifiedExpressionResolver.processSingleImport(QualifiedExpressionResolver.kt:330)
	at org.jetbrains.kotlin.resolve.QualifiedExpressionResolver.doProcessImportReference(QualifiedExpressionResolver.kt:282)
	at org.jetbrains.kotlin.resolve.QualifiedExpressionResolver.processImportReference$processReferenceInContextOf(QualifiedExpressionResolver.kt:229)
	at org.jetbrains.kotlin.resolve.QualifiedExpressionResolver.processImportReference(QualifiedExpressionResolver.kt:237)
	at org.jetbrains.kotlin.resolve.lazy.LazyImportResolver$importedScopesProvider$1$1.invoke(LazyImportScope.kt:111)
	at org.jetbrains.kotlin.resolve.lazy.LazyImportResolver$importedScopesProvider$1$1.invoke(LazyImportScope.kt:110)
	at org.jetbrains.kotlin.storage.LockBasedStorageManager$MapBasedMemoizedFunction.invoke(LockBasedStorageManager.java:578)
	at org.jetbrains.kotlin.resolve.lazy.LazyImportResolver.getImportScope(LazyImportScope.kt:129)
	at org.jetbrains.kotlin.resolve.lazy.LazyImportResolverForKtImportDirective$forceResolveImportDirective$1.invoke(LazyImportScope.kt:170)
	at org.jetbrains.kotlin.resolve.lazy.LazyImportResolverForKtImportDirective$forceResolveImportDirective$1.invoke(LazyImportScope.kt:169)
	at org.jetbrains.kotlin.storage.LockBasedStorageManager$MapBasedMemoizedFunction.invoke(LockBasedStorageManager.java:578)
	at org.jetbrains.kotlin.storage.LockBasedStorageManager$MapBasedMemoizedFunctionToNotNull.invoke(LockBasedStorageManager.java:681)
	at org.jetbrains.kotlin.resolve.lazy.LazyImportResolverForKtImportDirective.forceResolveImport(LazyImportScope.kt:231)
	at org.jetbrains.kotlin.resolve.lazy.LazyImportResolverForKtImportDirective$forceResolveNonDefaultImportsTask$1.invoke(LazyImportScope.kt:184)
	at org.jetbrains.kotlin.resolve.lazy.LazyImportResolverForKtImportDirective$forceResolveNonDefaultImportsTask$1.invoke(LazyImportScope.kt:181)
	at org.jetbrains.kotlin.storage.LockBasedStorageManager$LockBasedLazyValue.invoke(LockBasedStorageManager.java:408)
	at org.jetbrains.kotlin.storage.LockBasedStorageManager$LockBasedNotNullLazyValue.invoke(LockBasedStorageManager.java:527)
	at org.jetbrains.kotlin.resolve.lazy.LazyImportResolverForKtImportDirective.forceResolveNonDefaultImports(LazyImportScope.kt:214)
	at org.jetbrains.kotlin.resolve.lazy.FileScopeFactory$FilesScopesBuilder$importResolver$1.forceResolveNonDefaultImports(FileScopeFactory.kt:170)
	at org.jetbrains.kotlin.resolve.LazyTopDownAnalyzer.resolveImportsInFile(LazyTopDownAnalyzer.kt:252)
	at org.jetbrains.kotlin.resolve.jvm.extensions.PartialAnalysisHandlerExtension.doAnalysis(PartialAnalysisHandlerExtension.kt:65)
	at org.jetbrains.kotlin.kapt3.AbstractKapt3Extension.doAnalysis(Kapt3Extension.kt:138)
	at org.jetbrains.kotlin.cli.jvm.compiler.TopDownAnalyzerFacadeForJVM.analyzeFilesWithJavaIntegration(TopDownAnalyzerFacadeForJVM.kt:112)
	at org.jetbrains.kotlin.cli.jvm.compiler.TopDownAnalyzerFacadeForJVM.analyzeFilesWithJavaIntegration$default(TopDownAnalyzerFacadeForJVM.kt:77)
	at org.jetbrains.kotlin.cli.jvm.compiler.KotlinToJVMBytecodeCompiler$analyze$1.invoke(KotlinToJVMBytecodeCompiler.kt:256)
	at org.jetbrains.kotlin.cli.jvm.compiler.KotlinToJVMBytecodeCompiler$analyze$1.invoke(KotlinToJVMBytecodeCompiler.kt:247)
	at org.jetbrains.kotlin.cli.common.messages.AnalyzerWithCompilerReport.analyzeAndReport(AnalyzerWithCompilerReport.kt:115)
	at org.jetbrains.kotlin.cli.jvm.compiler.KotlinToJVMBytecodeCompiler.analyze(KotlinToJVMBytecodeCompiler.kt:247)
	at org.jetbrains.kotlin.cli.jvm.compiler.KotlinToJVMBytecodeCompiler.compileModules$cli(KotlinToJVMBytecodeCompiler.kt:87)
	at org.jetbrains.kotlin.cli.jvm.compiler.KotlinToJVMBytecodeCompiler.compileModules$cli$default(KotlinToJVMBytecodeCompiler.kt:43)
	at org.jetbrains.kotlin.cli.jvm.K2JVMCompiler.doExecute(K2JVMCompiler.kt:165)
	at org.jetbrains.kotlin.cli.jvm.K2JVMCompiler.doExecute(K2JVMCompiler.kt:50)
	at org.jetbrains.kotlin.cli.common.CLICompiler.execImpl(CLICompiler.kt:104)
	at org.jetbrains.kotlin.cli.common.CLICompiler.execImpl(CLICompiler.kt:48)
	at org.jetbrains.kotlin.cli.common.CLITool.exec(CLITool.kt:101)
	at org.jetbrains.kotlin.incremental.IncrementalJvmCompilerRunner.runCompiler(IncrementalJvmCompilerRunner.kt:463)
	at org.jetbrains.kotlin.incremental.IncrementalJvmCompilerRunner.runCompiler(IncrementalJvmCompilerRunner.kt:62)
	at org.jetbrains.kotlin.incremental.IncrementalCompilerRunner.doCompile(IncrementalCompilerRunner.kt:477)
	at org.jetbrains.kotlin.incremental.IncrementalCompilerRunner.compileImpl(IncrementalCompilerRunner.kt:400)
	at org.jetbrains.kotlin.incremental.IncrementalCompilerRunner.tryCompileIncrementally$lambda$6$compile(IncrementalCompilerRunner.kt:231)
	at org.jetbrains.kotlin.incremental.IncrementalCompilerRunner.tryCompileIncrementally(IncrementalCompilerRunner.kt:247)
	at org.jetbrains.kotlin.incremental.IncrementalCompilerRunner.compile(IncrementalCompilerRunner.kt:116)
	at org.jetbrains.kotlin.daemon.CompileServiceImplBase.execIncrementalCompiler(CompileServiceImpl.kt:657)
	at org.jetbrains.kotlin.daemon.CompileServiceImplBase.access$execIncrementalCompiler(CompileServiceImpl.kt:105)
	at org.jetbrains.kotlin.daemon.CompileServiceImpl.compile(CompileServiceImpl.kt:1624)
	at java.base/jdk.internal.reflect.DirectMethodHandleAccessor.invoke(DirectMethodHandleAccessor.java:103)
	at java.base/java.lang.reflect.Method.invoke(Method.java:580)
	at java.rmi/sun.rmi.server.UnicastServerRef.dispatch(UnicastServerRef.java:360)
	at java.rmi/sun.rmi.transport.Transport$1.run(Transport.java:200)
	at java.rmi/sun.rmi.transport.Transport$1.run(Transport.java:197)
	at java.base/java.security.AccessController.doPrivileged(AccessController.java:714)
	at java.rmi/sun.rmi.transport.Transport.serviceCall(Transport.java:196)
	at java.rmi/sun.rmi.transport.tcp.TCPTransport.handleMessages(TCPTransport.java:598)
	at java.rmi/sun.rmi.transport.tcp.TCPTransport$ConnectionHandler.run0(TCPTransport.java:844)
	at java.rmi/sun.rmi.transport.tcp.TCPTransport$ConnectionHandler.lambda$run$0(TCPTransport.java:721)
	at java.base/java.security.AccessController.doPrivileged(AccessController.java:400)
	at java.rmi/sun.rmi.transport.tcp.TCPTransport$ConnectionHandler.run(TCPTransport.java:720)
	at java.base/java.util.concurrent.ThreadPoolExecutor.runWorker(ThreadPoolExecutor.java:1144)
	at java.base/java.util.concurrent.ThreadPoolExecutor$Worker.run(ThreadPoolExecutor.java:642)
	at java.base/java.lang.Thread.run(Thread.java:1583)


